\BOOKMARK [0][-]{chapter.1}{\376\377\0001\000\040\000C\000l\000a\000s\000s\000\040\000I\000n\000d\000e\000x}{}% 1
\BOOKMARK [1][-]{section.1.1}{\376\377\0001\000.\0001\000\040\000C\000l\000a\000s\000s\000\040\000L\000i\000s\000t}{chapter.1}% 2
\BOOKMARK [0][-]{chapter.2}{\376\377\0002\000\040\000F\000i\000l\000e\000\040\000I\000n\000d\000e\000x}{}% 3
\BOOKMARK [1][-]{section.2.1}{\376\377\0002\000.\0001\000\040\000F\000i\000l\000e\000\040\000L\000i\000s\000t}{chapter.2}% 4
\BOOKMARK [0][-]{chapter.3}{\376\377\0003\000\040\000C\000l\000a\000s\000s\000\040\000D\000o\000c\000u\000m\000e\000n\000t\000a\000t\000i\000o\000n}{}% 5
\BOOKMARK [1][-]{section.3.1}{\376\377\0003\000.\0001\000\040\000s\000p\000r\000i\000t\000e\000\137\000s\000\040\000S\000t\000r\000u\000c\000t\000\040\000R\000e\000f\000e\000r\000e\000n\000c\000e}{chapter.3}% 6
\BOOKMARK [2][-]{subsection.3.1.1}{\376\377\0003\000.\0001\000.\0001\000\040\000D\000e\000t\000a\000i\000l\000e\000d\000\040\000D\000e\000s\000c\000r\000i\000p\000t\000i\000o\000n}{section.3.1}% 7
\BOOKMARK [2][-]{subsection.3.1.2}{\376\377\0003\000.\0001\000.\0002\000\040\000M\000e\000m\000b\000e\000r\000\040\000D\000a\000t\000a\000\040\000D\000o\000c\000u\000m\000e\000n\000t\000a\000t\000i\000o\000n}{section.3.1}% 8
\BOOKMARK [3][-]{subsubsection.3.1.2.1}{\376\377\0003\000.\0001\000.\0002\000.\0001\000\040\000h}{subsection.3.1.2}% 9
\BOOKMARK [3][-]{subsubsection.3.1.2.2}{\376\377\0003\000.\0001\000.\0002\000.\0002\000\040\000w}{subsection.3.1.2}% 10
\BOOKMARK [3][-]{subsubsection.3.1.2.3}{\376\377\0003\000.\0001\000.\0002\000.\0003\000\040\000x}{subsection.3.1.2}% 11
\BOOKMARK [3][-]{subsubsection.3.1.2.4}{\376\377\0003\000.\0001\000.\0002\000.\0004\000\040\000y}{subsection.3.1.2}% 12
\BOOKMARK [1][-]{section.3.2}{\376\377\0003\000.\0002\000\040\000t\000e\000x\000t\000u\000r\000e\000s\000\137\000s\000\040\000S\000t\000r\000u\000c\000t\000\040\000R\000e\000f\000e\000r\000e\000n\000c\000e}{chapter.3}% 13
\BOOKMARK [2][-]{subsection.3.2.1}{\376\377\0003\000.\0002\000.\0001\000\040\000M\000e\000m\000b\000e\000r\000\040\000D\000a\000t\000a\000\040\000D\000o\000c\000u\000m\000e\000n\000t\000a\000t\000i\000o\000n}{section.3.2}% 14
\BOOKMARK [3][-]{subsubsection.3.2.1.1}{\376\377\0003\000.\0002\000.\0001\000.\0001\000\040\000b\000a\000c\000k\000g\000r\000o\000u\000n\000d}{subsection.3.2.1}% 15
\BOOKMARK [3][-]{subsubsection.3.2.1.2}{\376\377\0003\000.\0002\000.\0001\000.\0002\000\040\000f\000i\000n\000i\000s\000h\000\137\000l\000i\000n\000e}{subsection.3.2.1}% 16
\BOOKMARK [3][-]{subsubsection.3.2.1.3}{\376\377\0003\000.\0002\000.\0001\000.\0003\000\040\000m\000e\000t\000e\000o\000r\000i\000t\000e}{subsection.3.2.1}% 17
\BOOKMARK [3][-]{subsubsection.3.2.1.4}{\376\377\0003\000.\0002\000.\0001\000.\0004\000\040\000s\000p\000a\000c\000e\000s\000h\000i\000p}{subsection.3.2.1}% 18
\BOOKMARK [1][-]{section.3.3}{\376\377\0003\000.\0003\000\040\000w\000o\000r\000l\000d\000\137\000s\000\040\000S\000t\000r\000u\000c\000t\000\040\000R\000e\000f\000e\000r\000e\000n\000c\000e}{chapter.3}% 19
\BOOKMARK [2][-]{subsection.3.3.1}{\376\377\0003\000.\0003\000.\0001\000\040\000D\000e\000t\000a\000i\000l\000e\000d\000\040\000D\000e\000s\000c\000r\000i\000p\000t\000i\000o\000n}{section.3.3}% 20
\BOOKMARK [2][-]{subsection.3.3.2}{\376\377\0003\000.\0003\000.\0002\000\040\000M\000e\000m\000b\000e\000r\000\040\000D\000a\000t\000a\000\040\000D\000o\000c\000u\000m\000e\000n\000t\000a\000t\000i\000o\000n}{section.3.3}% 21
\BOOKMARK [3][-]{subsubsection.3.3.2.1}{\376\377\0003\000.\0003\000.\0002\000.\0001\000\040\000f\000i\000n\000i\000s\000h\000\137\000l\000i\000n\000e}{subsection.3.3.2}% 22
\BOOKMARK [3][-]{subsubsection.3.3.2.2}{\376\377\0003\000.\0003\000.\0002\000.\0002\000\040\000g\000a\000m\000e\000o\000v\000e\000r}{subsection.3.3.2}% 23
\BOOKMARK [3][-]{subsubsection.3.3.2.3}{\376\377\0003\000.\0003\000.\0002\000.\0003\000\040\000m\000u\000r}{subsection.3.3.2}% 24
\BOOKMARK [3][-]{subsubsection.3.3.2.4}{\376\377\0003\000.\0003\000.\0002\000.\0004\000\040\000s\000p\000a\000c\000e\000s\000h\000i\000p}{subsection.3.3.2}% 25
\BOOKMARK [3][-]{subsubsection.3.3.2.5}{\376\377\0003\000.\0003\000.\0002\000.\0005\000\040\000v\000y}{subsection.3.3.2}% 26
\BOOKMARK [0][-]{chapter.4}{\376\377\0004\000\040\000F\000i\000l\000e\000\040\000D\000o\000c\000u\000m\000e\000n\000t\000a\000t\000i\000o\000n}{}% 27
\BOOKMARK [1][-]{section.4.1}{\376\377\0004\000.\0001\000\040\000m\000a\000i\000n\000.\000c\000\040\000F\000i\000l\000e\000\040\000R\000e\000f\000e\000r\000e\000n\000c\000e}{chapter.4}% 28
\BOOKMARK [2][-]{subsection.4.1.1}{\376\377\0004\000.\0001\000.\0001\000\040\000D\000e\000t\000a\000i\000l\000e\000d\000\040\000D\000e\000s\000c\000r\000i\000p\000t\000i\000o\000n}{section.4.1}% 29
\BOOKMARK [2][-]{subsection.4.1.2}{\376\377\0004\000.\0001\000.\0002\000\040\000M\000a\000c\000r\000o\000\040\000D\000e\000f\000i\000n\000i\000t\000i\000o\000n\000\040\000D\000o\000c\000u\000m\000e\000n\000t\000a\000t\000i\000o\000n}{section.4.1}% 30
\BOOKMARK [3][-]{subsubsection.4.1.2.1}{\376\377\0004\000.\0001\000.\0002\000.\0001\000\040\000I\000N\000I\000T\000I\000A\000L\000\137\000S\000P\000E\000E\000D}{subsection.4.1.2}% 31
\BOOKMARK [2][-]{subsection.4.1.3}{\376\377\0004\000.\0001\000.\0003\000\040\000F\000u\000n\000c\000t\000i\000o\000n\000\040\000D\000o\000c\000u\000m\000e\000n\000t\000a\000t\000i\000o\000n}{section.4.1}% 32
\BOOKMARK [3][-]{subsubsection.4.1.3.1}{\376\377\0004\000.\0001\000.\0003\000.\0001\000\040\000a\000p\000p\000l\000y\000\137\000b\000a\000c\000k\000g\000r\000o\000u\000n\000d\000\050\000\051}{subsection.4.1.3}% 33
\BOOKMARK [3][-]{subsubsection.4.1.3.2}{\376\377\0004\000.\0001\000.\0003\000.\0002\000\040\000a\000p\000p\000l\000y\000\137\000s\000p\000r\000i\000t\000e\000\050\000\051}{subsection.4.1.3}% 34
\BOOKMARK [3][-]{subsubsection.4.1.3.3}{\376\377\0004\000.\0001\000.\0003\000.\0003\000\040\000b\000u\000i\000l\000d\000\137\000w\000a\000l\000l\000\050\000\051}{subsection.4.1.3}% 35
\BOOKMARK [3][-]{subsubsection.4.1.3.4}{\376\377\0004\000.\0001\000.\0003\000.\0004\000\040\000c\000l\000e\000a\000n\000\050\000\051}{subsection.4.1.3}% 36
\BOOKMARK [3][-]{subsubsection.4.1.3.5}{\376\377\0004\000.\0001\000.\0003\000.\0005\000\040\000c\000l\000e\000a\000n\000\137\000d\000a\000t\000a\000\050\000\051}{subsection.4.1.3}% 37
\BOOKMARK [3][-]{subsubsection.4.1.3.6}{\376\377\0004\000.\0001\000.\0003\000.\0006\000\040\000c\000l\000e\000a\000n\000\137\000t\000e\000x\000t\000u\000r\000e\000s\000\050\000\051}{subsection.4.1.3}% 38
\BOOKMARK [3][-]{subsubsection.4.1.3.7}{\376\377\0004\000.\0001\000.\0003\000.\0007\000\040\000h\000a\000n\000d\000l\000e\000\137\000e\000v\000e\000n\000t\000s\000\050\000\051}{subsection.4.1.3}% 39
\BOOKMARK [3][-]{subsubsection.4.1.3.8}{\376\377\0004\000.\0001\000.\0003\000.\0008\000\040\000i\000n\000i\000t\000\050\000\051}{subsection.4.1.3}% 40
\BOOKMARK [3][-]{subsubsection.4.1.3.9}{\376\377\0004\000.\0001\000.\0003\000.\0009\000\040\000i\000n\000i\000t\000\137\000d\000a\000t\000a\000\050\000\051}{subsection.4.1.3}% 41
\BOOKMARK [3][-]{subsubsection.4.1.3.10}{\376\377\0004\000.\0001\000.\0003\000.\0001\0000\000\040\000i\000n\000i\000t\000\137\000s\000p\000r\000i\000t\000e\000\050\000\051}{subsection.4.1.3}% 42
\BOOKMARK [3][-]{subsubsection.4.1.3.11}{\376\377\0004\000.\0001\000.\0003\000.\0001\0001\000\040\000i\000n\000i\000t\000\137\000t\000e\000x\000t\000u\000r\000e\000s\000\050\000\051}{subsection.4.1.3}% 43
\BOOKMARK [3][-]{subsubsection.4.1.3.12}{\376\377\0004\000.\0001\000.\0003\000.\0001\0002\000\040\000i\000s\000\137\000g\000a\000m\000e\000\137\000o\000v\000e\000r\000\050\000\051}{subsection.4.1.3}% 44
\BOOKMARK [3][-]{subsubsection.4.1.3.13}{\376\377\0004\000.\0001\000.\0003\000.\0001\0003\000\040\000p\000r\000i\000n\000t\000\137\000s\000p\000r\000i\000t\000e\000\050\000\051}{subsection.4.1.3}% 45
\BOOKMARK [3][-]{subsubsection.4.1.3.14}{\376\377\0004\000.\0001\000.\0003\000.\0001\0004\000\040\000r\000e\000f\000r\000e\000s\000h\000\137\000g\000r\000a\000p\000h\000i\000c\000s\000\050\000\051}{subsection.4.1.3}% 46
\BOOKMARK [3][-]{subsubsection.4.1.3.15}{\376\377\0004\000.\0001\000.\0003\000.\0001\0005\000\040\000u\000p\000d\000a\000t\000e\000\137\000d\000a\000t\000a\000\050\000\051}{subsection.4.1.3}% 47
\BOOKMARK [1][-]{section.4.2}{\376\377\0004\000.\0002\000\040\000s\000d\000l\0002\000-\000l\000i\000g\000h\000t\000.\000c\000\040\000F\000i\000l\000e\000\040\000R\000e\000f\000e\000r\000e\000n\000c\000e}{chapter.4}% 48
\BOOKMARK [2][-]{subsection.4.2.1}{\376\377\0004\000.\0002\000.\0001\000\040\000D\000e\000t\000a\000i\000l\000e\000d\000\040\000D\000e\000s\000c\000r\000i\000p\000t\000i\000o\000n}{section.4.2}% 49
\BOOKMARK [2][-]{subsection.4.2.2}{\376\377\0004\000.\0002\000.\0002\000\040\000F\000u\000n\000c\000t\000i\000o\000n\000\040\000D\000o\000c\000u\000m\000e\000n\000t\000a\000t\000i\000o\000n}{section.4.2}% 50
\BOOKMARK [3][-]{subsubsection.4.2.2.1}{\376\377\0004\000.\0002\000.\0002\000.\0001\000\040\000a\000p\000p\000l\000y\000\137\000t\000e\000x\000t\000u\000r\000e\000\050\000\051}{subsection.4.2.2}% 51
\BOOKMARK [3][-]{subsubsection.4.2.2.2}{\376\377\0004\000.\0002\000.\0002\000.\0002\000\040\000c\000l\000e\000a\000n\000\137\000s\000d\000l\000\050\000\051}{subsection.4.2.2}% 52
\BOOKMARK [3][-]{subsubsection.4.2.2.3}{\376\377\0004\000.\0002\000.\0002\000.\0003\000\040\000c\000l\000e\000a\000n\000\137\000t\000e\000x\000t\000u\000r\000e\000\050\000\051}{subsection.4.2.2}% 53
\BOOKMARK [3][-]{subsubsection.4.2.2.4}{\376\377\0004\000.\0002\000.\0002\000.\0004\000\040\000c\000l\000e\000a\000r\000\137\000r\000e\000n\000d\000e\000r\000e\000r\000\050\000\051}{subsection.4.2.2}% 54
\BOOKMARK [3][-]{subsubsection.4.2.2.5}{\376\377\0004\000.\0002\000.\0002\000.\0005\000\040\000i\000n\000i\000t\000\137\000s\000d\000l\000\050\000\051}{subsection.4.2.2}% 55
\BOOKMARK [3][-]{subsubsection.4.2.2.6}{\376\377\0004\000.\0002\000.\0002\000.\0006\000\040\000l\000o\000a\000d\000\137\000i\000m\000a\000g\000e\000\050\000\051}{subsection.4.2.2}% 56
\BOOKMARK [3][-]{subsubsection.4.2.2.7}{\376\377\0004\000.\0002\000.\0002\000.\0007\000\040\000p\000a\000u\000s\000e\000\050\000\051}{subsection.4.2.2}% 57
\BOOKMARK [3][-]{subsubsection.4.2.2.8}{\376\377\0004\000.\0002\000.\0002\000.\0008\000\040\000u\000p\000d\000a\000t\000e\000\137\000s\000c\000r\000e\000e\000n\000\050\000\051}{subsection.4.2.2}% 58
\BOOKMARK [1][-]{section.4.3}{\376\377\0004\000.\0003\000\040\000s\000d\000l\0002\000-\000l\000i\000g\000h\000t\000.\000h\000\040\000F\000i\000l\000e\000\040\000R\000e\000f\000e\000r\000e\000n\000c\000e}{chapter.4}% 59
\BOOKMARK [2][-]{subsection.4.3.1}{\376\377\0004\000.\0003\000.\0001\000\040\000D\000e\000t\000a\000i\000l\000e\000d\000\040\000D\000e\000s\000c\000r\000i\000p\000t\000i\000o\000n}{section.4.3}% 60
\BOOKMARK [2][-]{subsection.4.3.2}{\376\377\0004\000.\0003\000.\0002\000\040\000F\000u\000n\000c\000t\000i\000o\000n\000\040\000D\000o\000c\000u\000m\000e\000n\000t\000a\000t\000i\000o\000n}{section.4.3}% 61
\BOOKMARK [3][-]{subsubsection.4.3.2.1}{\376\377\0004\000.\0003\000.\0002\000.\0001\000\040\000a\000p\000p\000l\000y\000\137\000t\000e\000x\000t\000u\000r\000e\000\050\000\051}{subsection.4.3.2}% 62
\BOOKMARK [3][-]{subsubsection.4.3.2.2}{\376\377\0004\000.\0003\000.\0002\000.\0002\000\040\000c\000l\000e\000a\000n\000\137\000s\000d\000l\000\050\000\051}{subsection.4.3.2}% 63
\BOOKMARK [3][-]{subsubsection.4.3.2.3}{\376\377\0004\000.\0003\000.\0002\000.\0003\000\040\000c\000l\000e\000a\000n\000\137\000t\000e\000x\000t\000u\000r\000e\000\050\000\051}{subsection.4.3.2}% 64
\BOOKMARK [3][-]{subsubsection.4.3.2.4}{\376\377\0004\000.\0003\000.\0002\000.\0004\000\040\000c\000l\000e\000a\000r\000\137\000r\000e\000n\000d\000e\000r\000e\000r\000\050\000\051}{subsection.4.3.2}% 65
\BOOKMARK [3][-]{subsubsection.4.3.2.5}{\376\377\0004\000.\0003\000.\0002\000.\0005\000\040\000i\000n\000i\000t\000\137\000s\000d\000l\000\050\000\051}{subsection.4.3.2}% 66
\BOOKMARK [3][-]{subsubsection.4.3.2.6}{\376\377\0004\000.\0003\000.\0002\000.\0006\000\040\000l\000o\000a\000d\000\137\000i\000m\000a\000g\000e\000\050\000\051}{subsection.4.3.2}% 67
\BOOKMARK [3][-]{subsubsection.4.3.2.7}{\376\377\0004\000.\0003\000.\0002\000.\0007\000\040\000p\000a\000u\000s\000e\000\050\000\051}{subsection.4.3.2}% 68
\BOOKMARK [3][-]{subsubsection.4.3.2.8}{\376\377\0004\000.\0003\000.\0002\000.\0008\000\040\000u\000p\000d\000a\000t\000e\000\137\000s\000c\000r\000e\000e\000n\000\050\000\051}{subsection.4.3.2}% 69
\BOOKMARK [0][-]{section*.10}{\376\377\000I\000n\000d\000e\000x}{}% 70
